[2021-04-29T16:20:27.275Z] Building Query
[2021-04-29T16:20:28.357Z] Unhandled Error
[2021-04-29T16:20:28.916Z] Rendering page
[2021-04-29T16:20:30.784Z] Rendering page
[2021-04-29T16:20:31.909Z] Unhandled Error
[2021-04-29T16:20:32.460Z] Importing Failed
[2021-04-29T16:20:33.033Z] Sending payload
[2021-04-29T16:20:34.374Z] Building Query
[2021-04-29T16:20:34.935Z] Sending payload
[2021-04-29T16:20:36.540Z] Rendering page
[2021-04-29T16:20:37.027Z] Unhandled Error
[2021-04-29T16:20:38.409Z] Event Handler
[2021-04-29T16:20:38.943Z] Rendering page
[2021-04-29T16:20:40.028Z] Imported Successfully
[2021-04-29T16:20:41.140Z] Sending payload
[2021-04-29T16:20:42.831Z] Something happened
[2021-04-29T16:20:43.640Z] Sending payload
[2021-04-29T16:20:44.880Z] Importing data
[2021-04-29T16:20:44.947Z] Rebooting system
[2021-04-29T16:20:46.884Z] Importing data
[2021-04-29T16:20:47.833Z] Rebooting system
[2021-04-29T16:20:48.659Z] Building Query
[2021-04-29T16:20:49.425Z] Importing Failed
[2021-04-29T16:20:50.371Z] Event Handler
[2021-04-29T16:20:51.582Z] Rendering page
[2021-04-29T16:20:58.924Z] Imported Successfully
[2021-04-29T16:20:59.979Z] Sending payload
[2021-04-29T16:21:01.850Z] Event Handler
