[2021-04-29T16:21:03.586Z] Rendering page
[2021-04-29T16:21:04.329Z] Event Handler
[2021-04-29T16:21:04.777Z] Event Handler
[2021-04-29T16:21:06.521Z] Something happened
[2021-04-29T16:21:07.625Z] Importing Failed
[2021-04-29T16:21:07.987Z] Building Query
[2021-04-29T16:21:09.214Z] Rebooting system
[2021-04-29T16:21:09.866Z] Event Handler
[2021-04-29T16:21:11.164Z] Sending payload
[2021-04-29T16:21:11.905Z] Rendering page
[2021-04-29T16:21:13.603Z] Something happened
[2021-04-29T16:21:14.309Z] Building Query
[2021-04-29T16:21:15.141Z] Imported Successfully
[2021-04-29T16:21:16.180Z] Sending payload
[2021-04-29T16:21:17.237Z] Something happened
[2021-04-29T16:21:18.718Z] Importing Failed
[2021-04-29T16:21:19.165Z] Sending payload
[2021-04-29T16:21:20.614Z] Rendering page
[2021-04-29T16:21:21.049Z] Rendering page
[2021-04-29T16:21:22.716Z] Rendering page
[2021-04-29T16:21:22.806Z] Rendering page
[2021-04-29T16:21:23.756Z] Sending payload
[2021-04-29T16:21:25.402Z] Unhandled Error
[2021-04-29T16:21:26.567Z] Something happened
[2021-04-29T16:21:26.881Z] Event Handler
[2021-04-29T16:21:27.831Z] Event Handler
[2021-04-29T16:21:29.418Z] Unhandled Error
[2021-04-29T16:21:29.831Z] Something happened
[2021-04-29T16:21:30.984Z] Event Handler
[2021-04-29T16:21:32.650Z] Unhandled Error
[2021-04-29T16:21:32.800Z] Something happened
[2021-04-29T16:21:33.930Z] Something happened
[2021-04-29T16:21:35.539Z] Event Handler
[2021-04-29T16:21:35.886Z] Something happened
[2021-04-29T16:21:37.506Z] Unhandled Error
[2021-04-29T16:21:38.267Z] Importing Failed
[2021-04-29T16:21:38.760Z] Rendering page
[2021-04-29T16:21:40.251Z] Imported Successfully
[2021-04-29T16:21:41.590Z] Event Handler
[2021-04-29T16:21:41.911Z] Importing Failed
[2021-04-29T16:21:43.721Z] Imported Successfully
[2021-04-29T16:21:44.156Z] Rendering page
[2021-04-29T16:21:45.732Z] Building Query
[2021-04-29T16:21:46.272Z] Rendering page
[2021-04-29T16:21:47.301Z] Building Query
[2021-04-29T16:21:48.303Z] Building Query
[2021-04-29T16:21:49.603Z] Event Handler
[2021-04-29T16:21:50.286Z] Event Handler
[2021-04-29T16:21:51.217Z] Sending payload
[2021-04-29T16:21:52.133Z] Building Query
[2021-04-29T16:21:53.647Z] Rebooting system
[2021-04-29T16:21:54.589Z] Importing data
[2021-04-29T16:21:55.416Z] Building Query
[2021-04-29T16:21:56.502Z] Imported Successfully
[2021-04-29T16:21:57.369Z] Imported Successfully
[2021-04-29T16:21:58.446Z] Building Query
[2021-04-29T16:21:58.983Z] Imported Successfully
[2021-04-29T16:22:00.204Z] Building Query
[2021-04-29T16:22:01.211Z] Event Handler
[2021-04-29T16:22:02.668Z] Rendering page
[2021-04-29T16:22:03.699Z] Importing Failed
[2021-04-29T16:22:04.653Z] Something happened
[2021-04-29T16:22:05.763Z] Event Handler
[2021-04-29T16:22:06.511Z] Event Handler
[2021-04-29T16:22:07.292Z] Building Query
[2021-04-29T16:22:08.567Z] Unhandled Error
[2021-04-29T16:22:08.859Z] Importing Failed
[2021-04-29T16:22:10.411Z] Rebooting system
[2021-04-29T16:22:11.716Z] Importing data
[2021-04-29T16:22:12.441Z] Imported Successfully
[2021-04-29T16:22:13.319Z] Imported Successfully
[2021-04-29T16:22:14.545Z] Sending payload
[2021-04-29T16:22:14.822Z] Imported Successfully
[2021-04-29T16:22:15.986Z] Something happened
[2021-04-29T16:22:17.763Z] Event Handler
[2021-04-29T16:22:18.615Z] Rendering page
[2021-04-29T16:22:19.704Z] Imported Successfully
[2021-04-29T16:22:20.061Z] Importing data
[2021-04-29T16:22:21.243Z] Something happened
[2021-04-29T16:22:21.969Z] Unhandled Error
[2021-04-29T16:22:22.907Z] Importing data
[2021-04-29T16:22:24.584Z] Imported Successfully
[2021-04-29T16:22:25.343Z] Imported Successfully
[2021-04-29T16:22:26.488Z] Building Query
[2021-04-29T16:22:26.975Z] Building Query
[2021-04-29T16:22:28.723Z] Sending payload
[2021-04-29T16:22:29.399Z] Rebooting system
[2021-04-29T16:22:30.503Z] Something happened
[2021-04-29T16:22:31.183Z] Sending payload
[2021-04-29T16:22:32.412Z] Building Query
[2021-04-29T16:22:33.617Z] Importing Failed
[2021-04-29T16:22:34.350Z] Building Query
[2021-04-29T16:22:34.833Z] Something happened
[2021-04-29T16:22:36.402Z] Unhandled Error
[2021-04-29T16:22:37.759Z] Building Query
[2021-04-29T16:22:38.122Z] Unhandled Error
[2021-04-29T16:22:39.319Z] Building Query
[2021-04-29T16:22:40.372Z] Rebooting system
[2021-04-29T16:22:41.074Z] Rendering page
[2021-04-29T16:22:42.373Z] Building Query
[2021-04-29T16:22:43.622Z] Importing data
[2021-04-29T16:22:43.989Z] Building Query
[2021-04-29T16:22:45.640Z] Importing data
[2021-04-29T16:22:46.580Z] Event Handler
[2021-04-29T16:22:47.406Z] Rendering page
[2021-04-29T16:22:48.777Z] Rendering page
[2021-04-29T16:22:49.472Z] Event Handler
[2021-04-29T16:22:50.125Z] Rendering page
[2021-04-29T16:22:51.093Z] Rendering page
[2021-04-29T16:22:52.330Z] Event Handler
[2021-04-29T16:22:53.718Z] Something happened
[2021-04-29T16:22:54.345Z] Imported Successfully
[2021-04-29T16:22:54.899Z] Rebooting system
[2021-04-29T16:22:56.074Z] Rendering page
[2021-04-29T16:22:57.272Z] Something happened
[2021-04-29T16:22:58.783Z] Something happened
[2021-04-29T16:22:59.764Z] Importing data
[2021-04-29T16:23:00.391Z] Imported Successfully
[2021-04-29T16:23:01.011Z] Imported Successfully
[2021-04-29T16:23:01.925Z] Event Handler
[2021-04-29T16:23:03.293Z] Event Handler
[2021-04-29T16:23:03.915Z] Building Query
[2021-04-29T16:23:05.468Z] Imported Successfully
[2021-04-29T16:23:06.698Z] Event Handler
[2021-04-29T16:23:07.248Z] Rendering page
[2021-04-29T16:23:07.965Z] Event Handler
[2021-04-29T16:23:09.139Z] Importing Failed
[2021-04-29T16:23:10.652Z] Rebooting system
